This is pdfTeX, Version 3.141592653-2.6-1.40.26 (MiKTeX 24.3.31) (preloaded format=pdflatex 2024.4.27)  27 APR 2024 23:22
entering extended mode
 restricted \write18 enabled.
 %&-line parsing enabled.
**./nicematrix.ins
(nicematrix.ins
LaTeX2e <2023-11-01> patch level 1
L3 programming layer <2024-03-14>

(C:\Users\panti\AppData\Local\Programs\MiKTeX\tex/latex/l3kernel\l3docstrip.tex
(C:\Users\panti\AppData\Local\Programs\MiKTeX\tex/latex/base\docstrip.tex
\blockLevel=\count188
\emptyLines=\count189
\processedLines=\count190
\commentsRemoved=\count191
\commentsPassed=\count192
\codeLinesPassed=\count193
\TotalprocessedLines=\count194
\TotalcommentsRemoved=\count195
\TotalcommentsPassed=\count196
\TotalcodeLinesPassed=\count197
\NumberOfFiles=\count198
\inFile=\read2
\inputcheck=\read3
\off@0=\count199
\off@1=\count266
\off@2=\count267
\off@3=\count268
\off@4=\count269
\off@5=\count270
\off@6=\count271
\off@7=\count272
\off@8=\count273
\off@9=\count274
\off@10=\count275
\off@11=\count276
\off@12=\count277
\off@13=\count278
\off@14=\count279
\off@15=\count280
\@maxfiles=\count281
\@maxoutfiles=\count282

Utility: `docstrip' v2.6b <2022-09-03>
English documentation    <2023-10-10>

**********************************************************
* This program converts documented macro-files into fast *
* loadable files by stripping off (nearly) all comments! *
**********************************************************

********************************************************
* No Configuration file found, using default settings. *
********************************************************

)) File ./nicematrix.sty already exists on the system.
Overwrite it? [y/n]
\answer=y

Generating file(s) ./nicematrix.sty 
\openout0 = `./nicematrix.sty'.


Processing file nicematrix-code.dtx (package) -> nicematrix.sty
Lines  processed: 17402
Comments removed: 7228
Comments  passed: 0
Codelines passed: 10169

*********************************************************
*
* To finish the installation you have to move the
* following file into a directory searched by TeX:
*
*   nicematrix.sty
*
* To produce the documentation run the file nicematrix.tex
* through XeLaTeX.
*
* Happy TeXing!
*********************************************************
 ) 
Here is how much of TeX's memory you used:
 337 strings out of 475937
 3834 string characters out of 5783369
 1925496 words of memory out of 5000000
 22637 multiletter control sequences out of 15000+600000
 558069 words of font info for 36 fonts, out of 8000000 for 9000
 223 hyphenation exceptions out of 8191
 13i,0n,15p,228b,126s stack positions out of 10000i,1000n,20000p,200000b,200000s

No pages of output.
PDF statistics:
 0 PDF objects out of 1000 (max. 8388607)
 0 named destinations out of 1000 (max. 500000)
 1 words of extra memory for PDF output out of 10000 (max. 10000000)

