\BOOKMARK [1][-]{section.1}{\376\377\000L\000e\000s\000\040\000e\000n\000v\000i\000r\000o\000n\000n\000e\000m\000e\000n\000t\000s\000\040\000d\000e\000\040\000c\000e\000t\000t\000e\000\040\000e\000x\000t\000e\000n\000s\000i\000o\000n}{}% 1
\BOOKMARK [1][-]{section.2}{\376\377\000L\000'\000e\000s\000p\000a\000c\000e\000\040\000v\000e\000r\000t\000i\000c\000a\000l\000\040\000e\000n\000t\000r\000e\000\040\000l\000e\000s\000\040\000r\000a\000n\000g\000\351\000e\000s}{}% 2
\BOOKMARK [1][-]{section.3}{\376\377\000L\000a\000\040\000c\000l\000\351\000\040\000b\000a\000s\000e\000l\000i\000n\000e}{}% 3
\BOOKMARK [1][-]{section.4}{\376\377\000L\000e\000s\000\040\000b\000l\000o\000c\000s}{}% 4
\BOOKMARK [2][-]{subsection.4.1}{\376\377\000C\000a\000s\000\040\000g\000\351\000n\000\351\000r\000a\000l}{section.4}% 5
\BOOKMARK [2][-]{subsection.4.2}{\376\377\000L\000e\000s\000\040\000b\000l\000o\000c\000s\000\040\000m\000o\000n\000o\000-\000c\000o\000l\000o\000n\000n\000e}{section.4}% 6
\BOOKMARK [2][-]{subsection.4.3}{\376\377\000L\000e\000s\000\040\000b\000l\000o\000c\000s\000\040\000m\000o\000n\000o\000-\000r\000a\000n\000g\000\351\000e}{section.4}% 7
\BOOKMARK [2][-]{subsection.4.4}{\376\377\000L\000e\000s\000\040\000b\000l\000o\000c\000s\000\040\000m\000o\000n\000o\000-\000c\000a\000s\000e}{section.4}% 8
\BOOKMARK [2][-]{subsection.4.5}{\376\377\000P\000o\000s\000i\000t\000i\000o\000n\000n\000e\000m\000e\000n\000t\000\040\000h\000o\000r\000i\000z\000o\000n\000t\000a\000l\000\040\000d\000u\000\040\000c\000o\000n\000t\000e\000n\000u\000\040\000d\000e\000s\000\040\000b\000l\000o\000c\000s}{section.4}% 9
\BOOKMARK [2][-]{subsection.4.6}{\376\377\000P\000o\000s\000i\000t\000i\000o\000n\000n\000e\000m\000e\000n\000t\000\040\000v\000e\000r\000t\000i\000c\000a\000l\000\040\000d\000u\000\040\000c\000o\000n\000t\000e\000n\000u\000\040\000d\000e\000s\000\040\000b\000l\000o\000c\000s}{section.4}% 10
\BOOKMARK [1][-]{section.5}{\376\377\000L\000e\000s\000\040\000f\000i\000l\000e\000t\000s\000\040\000h\000o\000r\000i\000z\000o\000n\000t\000a\000u\000x\000\040\000e\000t\000\040\000v\000e\000r\000t\000i\000c\000a\000u\000x}{}% 11
\BOOKMARK [2][-]{subsection.5.1}{\376\377\000Q\000u\000e\000l\000q\000u\000e\000s\000\040\000d\000i\000f\000f\000\351\000r\000e\000n\000c\000e\000s\000\040\000a\000v\000e\000c\000\040\000l\000e\000s\000\040\000e\000n\000v\000i\000r\000o\000n\000n\000e\000m\000e\000n\000t\000s\000\040\000c\000l\000a\000s\000s\000i\000q\000u\000e\000s}{section.5}% 12
\BOOKMARK [3][-]{subsubsection.5.1.1}{\376\377\000L\000e\000s\000\040\000f\000i\000l\000e\000t\000s\000\040\000v\000e\000r\000t\000i\000c\000a\000u\000x}{subsection.5.1}% 13
\BOOKMARK [3][-]{subsubsection.5.1.2}{\376\377\000L\000a\000\040\000c\000o\000m\000m\000a\000n\000d\000e\000\040\000\134\000c\000l\000i\000n\000e}{subsection.5.1}% 14
\BOOKMARK [2][-]{subsection.5.2}{\376\377\000L\000'\000\351\000p\000a\000i\000s\000s\000e\000u\000r\000\040\000e\000t\000\040\000l\000a\000\040\000c\000o\000u\000l\000e\000u\000r\000\040\000d\000e\000s\000\040\000f\000i\000l\000e\000t\000s}{section.5}% 15
\BOOKMARK [2][-]{subsection.5.3}{\376\377\000L\000e\000s\000\040\000o\000u\000t\000i\000l\000s\000\040\000d\000e\000\040\000n\000i\000c\000e\000m\000a\000t\000r\000i\000x\000\040\000p\000o\000u\000r\000\040\000t\000r\000a\000c\000e\000r\000\040\000d\000e\000s\000\040\000f\000i\000l\000e\000t\000s}{section.5}% 16
\BOOKMARK [3][-]{subsubsection.5.3.1}{\376\377\000L\000e\000s\000\040\000c\000l\000\351\000s\000\040\000h\000l\000i\000n\000e\000s\000\040\000e\000t\000\040\000v\000l\000i\000n\000e\000s}{subsection.5.3}% 17
\BOOKMARK [3][-]{subsubsection.5.3.2}{\376\377\000L\000e\000s\000\040\000c\000l\000\351\000s\000\040\000h\000v\000l\000i\000n\000e\000s\000\040\000e\000t\000\040\000h\000v\000l\000i\000n\000e\000s\000-\000e\000x\000c\000e\000p\000t\000-\000b\000o\000r\000d\000e\000r\000s}{subsection.5.3}% 18
\BOOKMARK [3][-]{subsubsection.5.3.3}{\376\377\000L\000e\000s\000\040\000c\000o\000i\000n\000s\000\040\000\050\000v\000i\000d\000e\000s\000\051}{subsection.5.3}% 19
\BOOKMARK [3][-]{subsubsection.5.3.4}{\376\377\000L\000a\000\040\000c\000o\000m\000m\000a\000n\000d\000e\000\040\000\134\000d\000i\000a\000g\000b\000o\000x}{subsection.5.3}% 20
\BOOKMARK [3][-]{subsubsection.5.3.5}{\376\377\000C\000o\000m\000m\000a\000n\000d\000e\000s\000\040\000p\000o\000u\000r\000\040\000f\000i\000l\000e\000t\000s\000\040\000p\000e\000r\000s\000o\000n\000n\000a\000l\000i\000s\000\351\000s}{subsection.5.3}% 21
\BOOKMARK [1][-]{section.6}{\376\377\000L\000e\000s\000\040\000c\000o\000u\000l\000e\000u\000r\000s\000\040\000d\000e\000\040\000f\000o\000n\000d\000\040\000d\000e\000s\000\040\000r\000a\000n\000g\000\351\000e\000s\000\040\000e\000t\000\040\000d\000e\000s\000\040\000c\000o\000l\000o\000n\000n\000e\000s}{}% 22
\BOOKMARK [2][-]{subsection.6.1}{\376\377\000U\000t\000i\000l\000i\000s\000a\000t\000i\000o\000n\000\040\000d\000e\000\040\000c\000o\000l\000o\000r\000t\000b\000l}{section.6}% 23
\BOOKMARK [2][-]{subsection.6.2}{\376\377\000L\000e\000s\000\040\000o\000u\000t\000i\000l\000s\000\040\000d\000e\000\040\000n\000i\000c\000e\000m\000a\000t\000r\000i\000x\000\040\000d\000a\000n\000s\000\040\000l\000e\000\040\000\134\000C\000o\000d\000e\000B\000e\000f\000o\000r\000e}{section.6}% 24
\BOOKMARK [2][-]{subsection.6.3}{\376\377\000O\000u\000t\000i\000l\000s\000\040\000d\000e\000\040\000c\000o\000l\000o\000r\000i\000a\000g\000e\000\040\000e\000n\000\040\000t\000a\000b\000l\000e\000a\000u}{section.6}% 25
\BOOKMARK [2][-]{subsection.6.4}{\376\377\000L\000a\000\040\000c\000o\000u\000l\000e\000u\000r\000\040\000s\000p\000\351\000c\000i\000a\000l\000\040\000\253\000n\000o\000c\000o\000l\000o\000r\000\273}{section.6}% 26
\BOOKMARK [1][-]{section.7}{\376\377\000L\000a\000\040\000c\000o\000m\000m\000a\000n\000d\000e\000\040\000\134\000R\000o\000w\000S\000t\000y\000l\000e}{}% 27
\BOOKMARK [1][-]{section.8}{\376\377\000L\000a\000\040\000l\000a\000r\000g\000e\000u\000r\000\040\000d\000e\000s\000\040\000c\000o\000l\000o\000n\000n\000e\000s}{}% 28
\BOOKMARK [2][-]{subsection.8.1}{\376\377\000T\000e\000c\000h\000n\000i\000q\000u\000e\000s\000\040\000d\000e\000\040\000b\000a\000s\000e}{section.8}% 29
\BOOKMARK [2][-]{subsection.8.2}{\376\377\000L\000e\000s\000\040\000c\000o\000l\000o\000n\000n\000e\000s\000\040\000X}{section.8}% 30
\BOOKMARK [2][-]{subsection.8.3}{\376\377\000L\000e\000s\000\040\000c\000o\000l\000o\000n\000n\000e\000s\000\040\000V\000\040\000d\000e\000\040\000v\000a\000r\000w\000i\000d\000t\000h}{section.8}% 31
\BOOKMARK [1][-]{section.9}{\376\377\000L\000e\000s\000\040\000r\000a\000n\000g\000\351\000e\000s\000\040\000e\000t\000\040\000c\000o\000l\000o\000n\000n\000e\000s\000\040\000e\000x\000t\000\351\000r\000i\000e\000u\000r\000e\000s}{}% 32
\BOOKMARK [1][-]{section.10}{\376\377\000L\000e\000s\000\040\000l\000i\000g\000n\000e\000s\000\040\000e\000n\000\040\000p\000o\000i\000n\000t\000i\000l\000l\000\351\000s\000\040\000c\000o\000n\000t\000i\000n\000u\000e\000s}{}% 33
\BOOKMARK [2][-]{subsection.10.1}{\376\377\000L\000'\000o\000p\000t\000i\000o\000n\000\040\000n\000u\000l\000l\000i\000f\000y\000-\000d\000o\000t\000s}{section.10}% 34
\BOOKMARK [2][-]{subsection.10.2}{\376\377\000L\000e\000s\000\040\000c\000o\000m\000m\000a\000n\000d\000e\000s\000\040\000\134\000H\000d\000o\000t\000s\000f\000o\000r\000\040\000e\000t\000\040\000\134\000V\000d\000o\000t\000s\000f\000o\000r}{section.10}% 35
\BOOKMARK [2][-]{subsection.10.3}{\376\377\000C\000o\000m\000m\000e\000n\000t\000\040\000c\000r\000\351\000e\000r\000\040\000l\000e\000s\000\040\000l\000i\000g\000n\000e\000s\000\040\000e\000n\000\040\000p\000o\000i\000n\000t\000i\000l\000l\000\351\000s\000\040\000d\000e\000\040\000m\000a\000n\000i\000\350\000r\000e\000\040\000t\000r\000a\000n\000s\000p\000a\000r\000e\000n\000t\000e}{section.10}% 36
\BOOKMARK [2][-]{subsection.10.4}{\376\377\000L\000e\000s\000\040\000l\000a\000b\000e\000l\000s\000\040\000d\000e\000s\000\040\000l\000i\000g\000n\000e\000s\000\040\000e\000n\000\040\000p\000o\000i\000n\000t\000i\000l\000l\000\351\000s}{section.10}% 37
\BOOKMARK [2][-]{subsection.10.5}{\376\377\000P\000e\000r\000s\000o\000n\000n\000a\000l\000i\000s\000a\000t\000i\000o\000n\000\040\000d\000e\000s\000\040\000l\000i\000g\000n\000e\000s\000\040\000e\000n\000\040\000p\000o\000i\000n\000t\000i\000l\000l\000\351\000s}{section.10}% 38
\BOOKMARK [2][-]{subsection.10.6}{\376\377\000L\000e\000s\000\040\000l\000i\000g\000n\000e\000s\000\040\000p\000o\000i\000n\000t\000i\000l\000l\000\351\000e\000s\000\040\000e\000t\000\040\000l\000e\000s\000\040\000f\000i\000l\000e\000t\000s}{section.10}% 39
\BOOKMARK [1][-]{section.11}{\376\377\000D\000\351\000l\000i\000m\000i\000t\000e\000u\000r\000s\000\040\000d\000a\000n\000s\000\040\000l\000e\000\040\000p\000r\000\351\000a\000m\000b\000u\000l\000e\000\040\000d\000e\000\040\000l\000'\000e\000n\000v\000i\000r\000o\000n\000n\000e\000m\000e\000n\000t}{}% 40
\BOOKMARK [1][-]{section.12}{\376\377\000L\000e\000\040\000\134\000C\000o\000d\000e\000A\000f\000t\000e\000r}{}% 41
\BOOKMARK [2][-]{subsection.12.1}{\376\377\000L\000a\000\040\000c\000o\000m\000m\000a\000n\000d\000e\000\040\000\134\000l\000i\000n\000e\000\040\000d\000a\000n\000s\000\040\000l\000e\000\040\000\134\000C\000o\000d\000e\000A\000f\000t\000e\000r}{section.12}% 42
\BOOKMARK [2][-]{subsection.12.2}{\376\377\000L\000a\000\040\000c\000o\000m\000m\000a\000n\000d\000e\000\040\000\134\000S\000u\000b\000M\000a\000t\000r\000i\000x\000\040\000d\000a\000n\000s\000\040\000l\000e\000\040\000\134\000C\000o\000d\000e\000A\000f\000t\000e\000r\000\040\000\050\000e\000t\000\040\000l\000e\000\040\000\134\000C\000o\000d\000e\000B\000e\000f\000o\000r\000e\000\051}{section.12}% 43
\BOOKMARK [2][-]{subsection.12.3}{\376\377\000L\000e\000s\000\040\000c\000o\000m\000m\000a\000n\000d\000e\000s\000\040\000\134\000O\000v\000e\000r\000B\000r\000a\000c\000e\000\040\000e\000t\000\040\000\134\000U\000n\000d\000e\000r\000B\000r\000a\000c\000e\000\040\000d\000a\000n\000s\000\040\000l\000e\000\040\000\134\000C\000o\000d\000e\000A\000f\000t\000e\000r}{section.12}% 44
\BOOKMARK [2][-]{subsection.12.4}{\376\377\000L\000a\000\040\000c\000o\000m\000m\000a\000n\000d\000e\000\040\000\134\000T\000i\000k\000z\000E\000v\000e\000r\000y\000C\000e\000l\000l\000\040\000d\000a\000n\000s\000\040\000l\000e\000\040\000\134\000C\000o\000d\000e\000A\000f\000t\000e\000r}{section.12}% 45
\BOOKMARK [1][-]{section.13}{\376\377\000L\000e\000s\000\040\000l\000\351\000g\000e\000n\000d\000e\000s\000\040\000e\000t\000\040\000l\000e\000s\000\040\000n\000o\000t\000e\000s\000\040\000d\000a\000n\000s\000\040\000l\000e\000s\000\040\000t\000a\000b\000l\000e\000a\000u\000x}{}% 46
\BOOKMARK [2][-]{subsection.13.1}{\376\377\000L\000a\000\040\000l\000\351\000g\000e\000n\000d\000e\000s\000\040\000d\000e\000s\000\040\000t\000a\000b\000l\000e\000a\000u\000x}{section.13}% 47
\BOOKMARK [2][-]{subsection.13.2}{\376\377\000L\000e\000s\000\040\000n\000o\000t\000e\000s\000\040\000d\000e\000\040\000p\000i\000e\000d\000\040\000d\000e\000\040\000p\000a\000g\000e}{section.13}% 48
\BOOKMARK [2][-]{subsection.13.3}{\376\377\000L\000e\000s\000\040\000n\000o\000t\000e\000s\000\040\000d\000e\000\040\000t\000a\000b\000l\000e\000a\000u\000x}{section.13}% 49
\BOOKMARK [2][-]{subsection.13.4}{\376\377\000P\000e\000r\000s\000o\000n\000n\000a\000l\000i\000s\000a\000t\000i\000o\000n\000\040\000d\000e\000s\000\040\000n\000o\000t\000e\000s\000\040\000d\000e\000\040\000t\000a\000b\000l\000e\000a\000u}{section.13}% 50
\BOOKMARK [2][-]{subsection.13.5}{\376\377\000U\000t\000i\000l\000i\000s\000a\000t\000i\000o\000n\000\040\000d\000e\000\040\000\173\000N\000i\000c\000e\000T\000a\000b\000u\000l\000a\000r\000\175\000\040\000a\000v\000e\000c\000\040\000t\000h\000r\000e\000e\000p\000a\000r\000t\000t\000a\000b\000l\000e}{section.13}% 51
\BOOKMARK [1][-]{section.14}{\376\377\000A\000u\000t\000r\000e\000s\000\040\000f\000o\000n\000c\000t\000i\000o\000n\000n\000a\000l\000i\000t\000\351\000s}{}% 52
\BOOKMARK [2][-]{subsection.14.1}{\376\377\000L\000a\000\040\000c\000l\000\351\000\040\000r\000o\000u\000n\000d\000e\000d\000-\000c\000o\000r\000n\000e\000r\000s}{section.14}% 53
\BOOKMARK [2][-]{subsection.14.2}{\376\377\000C\000o\000m\000m\000a\000n\000d\000e\000\040\000\134\000S\000h\000o\000w\000C\000e\000l\000l\000N\000a\000m\000e\000s}{section.14}% 54
\BOOKMARK [2][-]{subsection.14.3}{\376\377\000U\000t\000i\000l\000i\000s\000a\000t\000i\000o\000n\000\040\000d\000u\000\040\000t\000y\000p\000e\000\040\000d\000e\000\040\000c\000o\000l\000o\000n\000n\000e\000\040\000S\000\040\000d\000e\000\040\000s\000i\000u\000n\000i\000t\000x}{section.14}% 55
\BOOKMARK [2][-]{subsection.14.4}{\376\377\000T\000y\000p\000e\000\040\000d\000e\000\040\000c\000o\000l\000o\000n\000n\000e\000\040\000p\000a\000r\000\040\000d\000\351\000f\000a\000u\000t\000\040\000d\000a\000n\000s\000\040\000\173\000N\000i\000c\000e\000M\000a\000t\000r\000i\000x\000\175}{section.14}% 56
\BOOKMARK [2][-]{subsection.14.5}{\376\377\000L\000a\000\040\000c\000o\000m\000m\000a\000n\000d\000e\000\040\000\134\000r\000o\000t\000a\000t\000e}{section.14}% 57
\BOOKMARK [2][-]{subsection.14.6}{\376\377\000L\000'\000o\000p\000t\000i\000o\000n\000\040\000s\000m\000a\000l\000l}{section.14}% 58
\BOOKMARK [2][-]{subsection.14.7}{\376\377\000L\000e\000s\000\040\000c\000o\000m\000p\000t\000e\000u\000r\000s\000\040\000i\000R\000o\000w\000\040\000e\000t\000\040\000j\000C\000o\000l}{section.14}% 59
\BOOKMARK [2][-]{subsection.14.8}{\376\377\000L\000'\000o\000p\000t\000i\000o\000n\000\040\000l\000i\000g\000h\000t\000-\000s\000y\000n\000t\000a\000x}{section.14}% 60
\BOOKMARK [2][-]{subsection.14.9}{\376\377\000C\000o\000u\000l\000e\000u\000r\000\040\000d\000e\000s\000\040\000d\000\351\000l\000i\000m\000i\000t\000e\000u\000r\000s}{section.14}% 61
\BOOKMARK [2][-]{subsection.14.10}{\376\377\000L\000'\000e\000n\000v\000i\000r\000o\000n\000n\000e\000m\000e\000n\000t\000\040\000\173\000N\000i\000c\000e\000A\000r\000r\000a\000y\000W\000i\000t\000h\000D\000e\000l\000i\000m\000s\000\175}{section.14}% 62
\BOOKMARK [2][-]{subsection.14.11}{\376\377\000L\000a\000\040\000c\000o\000m\000m\000a\000n\000d\000e\000\040\000\134\000O\000n\000l\000y\000M\000a\000i\000n\000N\000i\000c\000e\000M\000a\000t\000r\000i\000x}{section.14}% 63
\BOOKMARK [1][-]{section.15}{\376\377\000U\000t\000i\000l\000i\000s\000a\000t\000i\000o\000n\000\040\000d\000e\000\040\000T\000i\000k\000Z\000\040\000a\000v\000e\000c\000\040\000n\000i\000c\000e\000m\000a\000t\000r\000i\000x}{}% 64
\BOOKMARK [2][-]{subsection.15.1}{\376\377\000L\000e\000s\000\040\000n\001\123\000u\000d\000s\000\040\000c\000o\000r\000r\000e\000s\000p\000o\000n\000d\000a\000n\000t\000\040\000a\000u\000x\000\040\000c\000o\000n\000t\000e\000n\000u\000s\000\040\000d\000e\000s\000\040\000c\000a\000s\000e\000s}{section.15}% 65
\BOOKMARK [3][-]{subsubsection.15.1.1}{\376\377\000L\000a\000\040\000c\000l\000\351\000\040\000p\000g\000f\000-\000n\000o\000d\000e\000-\000c\000o\000d\000e}{subsection.15.1}% 66
\BOOKMARK [3][-]{subsubsection.15.1.2}{\376\377\000L\000e\000s\000\040\000c\000o\000l\000o\000n\000n\000e\000s\000\040\000V\000\040\000d\000e\000\040\000v\000a\000r\000w\000i\000d\000t\000h}{subsection.15.1}% 67
\BOOKMARK [2][-]{subsection.15.2}{\376\377\000L\000e\000s\000\040\000\253\000n\001\123\000u\000d\000s\000\040\000m\000o\000y\000e\000n\000s\000\273\000\040\000e\000t\000\040\000l\000e\000s\000\040\000\253\000n\001\123\000u\000d\000s\000\040\000l\000a\000r\000g\000e\000s\000\273}{section.15}% 68
\BOOKMARK [2][-]{subsection.15.3}{\376\377\000L\000e\000s\000\040\000n\001\123\000u\000d\000s\000\040\000i\000n\000d\000i\000q\000u\000a\000n\000t\000\040\000l\000a\000\040\000p\000o\000s\000i\000t\000i\000o\000n\000\040\000d\000e\000s\000\040\000f\000i\000l\000e\000t\000s}{section.15}% 69
\BOOKMARK [2][-]{subsection.15.4}{\376\377\000L\000e\000s\000\040\000n\001\123\000u\000d\000s\000\040\000c\000o\000r\000r\000e\000s\000p\000o\000n\000d\000a\000n\000t\000\040\000a\000u\000x\000\040\000c\000o\000m\000m\000a\000n\000d\000e\000s\000\040\000\134\000S\000u\000b\000M\000a\000t\000r\000i\000x}{section.15}% 70
\BOOKMARK [1][-]{section.16}{\376\377\000A\000P\000I\000\040\000p\000o\000u\000r\000\040\000l\000e\000s\000\040\000d\000\351\000v\000e\000l\000o\000p\000p\000e\000u\000r\000s}{}% 71
\BOOKMARK [1][-]{section.17}{\376\377\000R\000e\000m\000a\000r\000q\000u\000e\000s\000\040\000t\000e\000c\000h\000n\000i\000q\000u\000e\000s}{}% 72
\BOOKMARK [2][-]{subsection.17.1}{\376\377\000L\000i\000g\000n\000e\000s\000\040\000d\000i\000a\000g\000o\000n\000a\000l\000e\000s}{section.17}% 73
\BOOKMARK [2][-]{subsection.17.2}{\376\377\000L\000e\000s\000\040\000c\000a\000s\000e\000s\000\040\000\253\000v\000i\000d\000e\000s\000\273}{section.17}% 74
\BOOKMARK [2][-]{subsection.17.3}{\376\377\000L\000'\000o\000p\000t\000i\000o\000n\000\040\000e\000x\000t\000e\000r\000i\000o\000r\000-\000a\000r\000r\000a\000y\000c\000o\000l\000s\000e\000p}{section.17}% 75
\BOOKMARK [2][-]{subsection.17.4}{\376\377\000I\000n\000c\000o\000m\000p\000a\000t\000i\000b\000i\000l\000i\000t\000\351\000s}{section.17}% 76
\BOOKMARK [1][-]{section.18}{\376\377\000E\000x\000e\000m\000p\000l\000e\000s}{}% 77
\BOOKMARK [2][-]{subsection.18.1}{\376\377\000U\000t\000i\000l\000i\000s\000a\000t\000i\000o\000n\000\040\000d\000e\000\040\000l\000a\000\040\000c\000l\000\351\000\040\000\253\000t\000i\000k\000z\000\273\000\040\000d\000e\000\040\000l\000a\000\040\000c\000o\000m\000m\000a\000n\000d\000e\000\040\000\134\000B\000l\000o\000c\000k}{section.18}% 78
\BOOKMARK [2][-]{subsection.18.2}{\376\377\000U\000t\000i\000l\000i\000s\000a\000t\000i\000o\000n\000\040\000a\000v\000e\000c\000\040\000t\000c\000o\000l\000o\000r\000b\000o\000x}{section.18}% 79
\BOOKMARK [2][-]{subsection.18.3}{\376\377\000N\000o\000t\000e\000s\000\040\000d\000a\000n\000s\000\040\000l\000e\000s\000\040\000t\000a\000b\000l\000e\000a\000u\000x}{section.18}% 80
\BOOKMARK [2][-]{subsection.18.4}{\376\377\000L\000i\000g\000n\000e\000s\000\040\000e\000n\000\040\000p\000o\000i\000n\000t\000i\000l\000l\000\351\000s}{section.18}% 81
\BOOKMARK [2][-]{subsection.18.5}{\376\377\000D\000e\000s\000\040\000l\000i\000g\000n\000e\000s\000\040\000p\000o\000i\000n\000t\000i\000l\000l\000\351\000e\000s\000\040\000q\000u\000i\000\040\000n\000e\000\040\000s\000o\000n\000t\000\040\000p\000l\000u\000s\000\040\000p\000o\000i\000n\000t\000i\000l\000l\000\351\000e\000s}{section.18}% 82
\BOOKMARK [2][-]{subsection.18.6}{\376\377\000L\000i\000g\000n\000e\000s\000\040\000e\000n\000\040\000t\000i\000r\000e\000t\000\351\000s}{section.18}% 83
\BOOKMARK [2][-]{subsection.18.7}{\376\377\000E\000m\000p\000i\000l\000e\000m\000e\000n\000t\000s\000\040\000d\000e\000\040\000m\000a\000t\000r\000i\000c\000e\000s}{section.18}% 84
\BOOKMARK [2][-]{subsection.18.8}{\376\377\000C\000o\000m\000m\000e\000n\000t\000\040\000s\000u\000r\000l\000i\000g\000n\000e\000r\000\040\000l\000e\000s\000\040\000c\000a\000s\000e\000s\000\040\000d\000'\000u\000n\000e\000\040\000m\000a\000t\000r\000i\000c\000e}{section.18}% 85
\BOOKMARK [2][-]{subsection.18.9}{\376\377\000U\000t\000i\000l\000i\000s\000a\000t\000i\000o\000n\000\040\000d\000e\000\040\000\134\000S\000u\000b\000M\000a\000t\000r\000i\000x\000\040\000d\000a\000n\000s\000\040\000l\000e\000\040\000\134\000C\000o\000d\000e\000B\000e\000f\000o\000r\000e}{section.18}% 86
\BOOKMARK [2][-]{subsection.18.10}{\376\377\000U\000n\000\040\000t\000a\000b\000l\000e\000a\000u\000\040\000t\000r\000i\000a\000n\000g\000u\000l\000a\000i\000r\000e}{section.18}% 87
\BOOKMARK [1][-]{section*.2}{\376\377\000I\000n\000d\000e\000x}{}% 88
