\BOOKMARK [1][-]{section.0.1}{\376\377\0001\000\040\000D\000e\000c\000l\000a\000r\000a\000t\000i\000o\000n\000\040\000o\000f\000\040\000t\000h\000e\000\040\000p\000a\000c\000k\000a\000g\000e\000\040\000a\000n\000d\000\040\000p\000a\000c\000k\000a\000g\000e\000s\000\040\000l\000o\000a\000d\000e\000d}{}% 1
\BOOKMARK [1][-]{section.0.2}{\376\377\0002\000\040\000S\000e\000c\000u\000r\000i\000t\000y\000\040\000t\000e\000s\000t}{}% 2
\BOOKMARK [1][-]{section.0.3}{\376\377\0003\000\040\000C\000o\000l\000l\000e\000c\000t\000i\000n\000g\000\040\000o\000p\000t\000i\000o\000n\000s}{}% 3
\BOOKMARK [1][-]{section.0.4}{\376\377\0004\000\040\000T\000e\000c\000h\000n\000i\000c\000a\000l\000\040\000d\000e\000f\000i\000n\000i\000t\000i\000o\000n\000s}{}% 4
\BOOKMARK [1][-]{section.0.5}{\376\377\0005\000\040\000P\000a\000r\000a\000m\000e\000t\000e\000r\000s}{}% 5
\BOOKMARK [1][-]{section.0.6}{\376\377\0006\000\040\000T\000h\000e\000\040\000c\000o\000m\000m\000a\000n\000d\000\040\000\134\000t\000a\000b\000u\000l\000a\000r\000n\000o\000t\000e}{}% 6
\BOOKMARK [1][-]{section.0.7}{\376\377\0007\000\040\000C\000o\000m\000m\000a\000n\000d\000\040\000f\000o\000r\000\040\000c\000r\000e\000a\000t\000i\000o\000n\000\040\000o\000f\000\040\000r\000e\000c\000t\000a\000n\000g\000l\000e\000\040\000n\000o\000d\000e\000s}{}% 7
\BOOKMARK [1][-]{section.0.8}{\376\377\0008\000\040\000T\000h\000e\000\040\000o\000p\000t\000i\000o\000n\000s}{}% 8
\BOOKMARK [1][-]{section.0.9}{\376\377\0009\000\040\000I\000m\000p\000o\000r\000t\000a\000n\000t\000\040\000c\000o\000d\000e\000\040\000u\000s\000e\000d\000\040\000b\000y\000\040\000\173\000N\000i\000c\000e\000A\000r\000r\000a\000y\000W\000i\000t\000h\000D\000e\000l\000i\000m\000s\000\175\000\040}{}% 9
\BOOKMARK [1][-]{section.0.10}{\376\377\0001\0000\000\040\000T\000h\000e\000\040\000\134\000C\000o\000d\000e\000B\000e\000f\000o\000r\000e}{}% 10
\BOOKMARK [1][-]{section.0.11}{\376\377\0001\0001\000\040\000T\000h\000e\000\040\000e\000n\000v\000i\000r\000o\000n\000m\000e\000n\000t\000\040\000\173\000N\000i\000c\000e\000A\000r\000r\000a\000y\000W\000i\000t\000h\000D\000e\000l\000i\000m\000s\000\175}{}% 11
\BOOKMARK [1][-]{section.0.12}{\376\377\0001\0002\000\040\000W\000e\000\040\000c\000o\000n\000s\000t\000r\000u\000c\000t\000\040\000t\000h\000e\000\040\000p\000r\000e\000a\000m\000b\000l\000e\000\040\000o\000f\000\040\000t\000h\000e\000\040\000a\000r\000r\000a\000y}{}% 12
\BOOKMARK [1][-]{section.0.13}{\376\377\0001\0003\000\040\000T\000h\000e\000\040\000r\000e\000d\000e\000f\000i\000n\000i\000t\000i\000o\000n\000\040\000o\000f\000\040\000\134\000m\000u\000l\000t\000i\000c\000o\000l\000u\000m\000n}{}% 13
\BOOKMARK [1][-]{section.0.14}{\376\377\0001\0004\000\040\000T\000h\000e\000\040\000e\000n\000v\000i\000r\000o\000n\000m\000e\000n\000t\000\040\000\173\000N\000i\000c\000e\000M\000a\000t\000r\000i\000x\000\175\000\040\000a\000n\000d\000\040\000i\000t\000s\000\040\000v\000a\000r\000i\000a\000n\000t\000s}{}% 14
\BOOKMARK [1][-]{section.0.15}{\376\377\0001\0005\000\040\000\173\000N\000i\000c\000e\000T\000a\000b\000u\000l\000a\000r\000\175\000,\000\040\000\173\000N\000i\000c\000e\000T\000a\000b\000u\000l\000a\000r\000X\000\175\000\040\000a\000n\000d\000\040\000\173\000N\000i\000c\000e\000T\000a\000b\000u\000l\000a\000r\000*\000\175}{}% 15
\BOOKMARK [1][-]{section.0.16}{\376\377\0001\0006\000\040\000A\000f\000t\000e\000r\000\040\000t\000h\000e\000\040\000c\000o\000n\000s\000t\000r\000u\000c\000t\000i\000o\000n\000\040\000o\000f\000\040\000t\000h\000e\000\040\000a\000r\000r\000a\000y}{}% 16
\BOOKMARK [1][-]{section.0.17}{\376\377\0001\0007\000\040\000W\000e\000\040\000d\000r\000a\000w\000\040\000t\000h\000e\000\040\000d\000o\000t\000t\000e\000d\000\040\000l\000i\000n\000e\000s}{}% 17
\BOOKMARK [1][-]{section.0.18}{\376\377\0001\0008\000\040\000T\000h\000e\000\040\000a\000c\000t\000u\000a\000l\000\040\000i\000n\000s\000t\000r\000u\000c\000t\000i\000o\000n\000s\000\040\000f\000o\000r\000\040\000d\000r\000a\000w\000i\000n\000g\000\040\000t\000h\000e\000\040\000d\000o\000t\000t\000e\000d\000\040\000l\000i\000n\000e\000s\000\040\000w\000i\000t\000h\000\040\000T\000i\000k\000z}{}% 18
\BOOKMARK [1][-]{section.0.19}{\376\377\0001\0009\000\040\000U\000s\000e\000r\000\040\000c\000o\000m\000m\000a\000n\000d\000s\000\040\000a\000v\000a\000i\000l\000a\000b\000l\000e\000\040\000i\000n\000\040\000t\000h\000e\000\040\000n\000e\000w\000\040\000e\000n\000v\000i\000r\000o\000n\000m\000e\000n\000t\000s}{}% 19
\BOOKMARK [1][-]{section.0.20}{\376\377\0002\0000\000\040\000T\000h\000e\000\040\000c\000o\000m\000m\000a\000n\000d\000\040\000\134\000l\000i\000n\000e\000\040\000a\000c\000c\000e\000s\000s\000i\000b\000l\000e\000\040\000i\000n\000\040\000c\000o\000d\000e\000-\000a\000f\000t\000e\000r}{}% 20
\BOOKMARK [1][-]{section.0.21}{\376\377\0002\0001\000\040\000T\000h\000e\000\040\000c\000o\000m\000m\000a\000n\000d\000\040\000\134\000R\000o\000w\000S\000t\000y\000l\000e}{}% 21
\BOOKMARK [1][-]{section.0.22}{\376\377\0002\0002\000\040\000C\000o\000l\000o\000r\000s\000\040\000o\000f\000\040\000c\000e\000l\000l\000s\000,\000\040\000r\000o\000w\000s\000\040\000a\000n\000d\000\040\000c\000o\000l\000u\000m\000n\000s}{}% 22
\BOOKMARK [1][-]{section.0.23}{\376\377\0002\0003\000\040\000T\000h\000e\000\040\000v\000e\000r\000t\000i\000c\000a\000l\000\040\000a\000n\000d\000\040\000h\000o\000r\000i\000z\000o\000n\000t\000a\000l\000\040\000r\000u\000l\000e\000s}{}% 23
\BOOKMARK [1][-]{section.0.24}{\376\377\0002\0004\000\040\000T\000h\000e\000\040\000e\000m\000p\000t\000y\000\040\000c\000o\000r\000n\000e\000r\000s}{}% 24
\BOOKMARK [1][-]{section.0.25}{\376\377\0002\0005\000\040\000T\000h\000e\000\040\000e\000n\000v\000i\000r\000o\000n\000m\000e\000n\000t\000\040\000\173\000N\000i\000c\000e\000M\000a\000t\000r\000i\000x\000B\000l\000o\000c\000k\000\175}{}% 25
\BOOKMARK [1][-]{section.0.26}{\376\377\0002\0006\000\040\000T\000h\000e\000\040\000e\000x\000t\000r\000a\000\040\000n\000o\000d\000e\000s}{}% 26
\BOOKMARK [1][-]{section.0.27}{\376\377\0002\0007\000\040\000T\000h\000e\000\040\000b\000l\000o\000c\000k\000s}{}% 27
\BOOKMARK [1][-]{section.0.28}{\376\377\0002\0008\000\040\000H\000o\000w\000\040\000t\000o\000\040\000d\000r\000a\000w\000\040\000t\000h\000e\000\040\000d\000o\000t\000t\000e\000d\000\040\000l\000i\000n\000e\000s\000\040\000t\000r\000a\000n\000s\000p\000a\000r\000e\000n\000t\000l\000y}{}% 28
\BOOKMARK [1][-]{section.0.29}{\376\377\0002\0009\000\040\000A\000u\000t\000o\000m\000a\000t\000i\000c\000\040\000a\000r\000r\000a\000y\000s}{}% 29
\BOOKMARK [1][-]{section.0.30}{\376\377\0003\0000\000\040\000T\000h\000e\000\040\000r\000e\000d\000e\000f\000i\000n\000i\000t\000i\000o\000n\000\040\000o\000f\000\040\000t\000h\000e\000\040\000c\000o\000m\000m\000a\000n\000d\000\040\000\134\000d\000o\000t\000f\000i\000l\000l\000\040}{}% 30
\BOOKMARK [1][-]{section.0.31}{\376\377\0003\0001\000\040\000T\000h\000e\000\040\000c\000o\000m\000m\000a\000n\000d\000\040\000\134\000d\000i\000a\000g\000b\000o\000x}{}% 31
\BOOKMARK [1][-]{section.0.32}{\376\377\0003\0002\000\040\000T\000h\000e\000\040\000k\000e\000y\000w\000o\000r\000d\000\040\000\134\000C\000o\000d\000e\000A\000f\000t\000e\000r}{}% 32
\BOOKMARK [1][-]{section.0.33}{\376\377\0003\0003\000\040\000T\000h\000e\000\040\000d\000e\000l\000i\000m\000i\000t\000e\000r\000s\000\040\000i\000n\000\040\000t\000h\000e\000\040\000p\000r\000e\000a\000m\000b\000l\000e}{}% 33
\BOOKMARK [1][-]{section.0.34}{\376\377\0003\0004\000\040\000T\000h\000e\000\040\000c\000o\000m\000m\000a\000n\000d\000\040\000\134\000S\000u\000b\000M\000a\000t\000r\000i\000x}{}% 34
\BOOKMARK [1][-]{section.0.35}{\376\377\0003\0005\000\040\000L\000e\000s\000\040\000c\000o\000m\000m\000a\000n\000d\000e\000s\000\040\000\134\000U\000n\000d\000e\000r\000B\000r\000a\000c\000e\000\040\000e\000t\000\040\000\134\000O\000v\000e\000r\000B\000r\000a\000c\000e}{}% 35
\BOOKMARK [1][-]{section.0.36}{\376\377\0003\0006\000\040\000T\000h\000e\000\040\000c\000o\000m\000m\000a\000n\000d\000\040\000T\000i\000k\000z\000E\000v\000e\000r\000y\000C\000e\000l\000l}{}% 36
\BOOKMARK [1][-]{section.0.37}{\376\377\0003\0007\000\040\000T\000h\000e\000\040\000c\000o\000m\000m\000a\000n\000d\000\040\000\134\000S\000h\000o\000w\000C\000e\000l\000l\000N\000a\000m\000e\000s}{}% 37
\BOOKMARK [1][-]{section.0.38}{\376\377\0003\0008\000\040\000W\000e\000\040\000p\000r\000o\000c\000e\000s\000s\000\040\000t\000h\000e\000\040\000o\000p\000t\000i\000o\000n\000s\000\040\000a\000t\000\040\000p\000a\000c\000k\000a\000g\000e\000\040\000l\000o\000a\000d\000i\000n\000g}{}% 38
\BOOKMARK [1][-]{section.0.39}{\376\377\0003\0009\000\040\000A\000b\000o\000u\000t\000\040\000t\000h\000e\000\040\000p\000a\000c\000k\000a\000g\000e\000\040\000u\000n\000d\000e\000r\000s\000c\000o\000r\000e}{}% 39
\BOOKMARK [1][-]{section.0.40}{\376\377\0004\0000\000\040\000E\000r\000r\000o\000r\000\040\000m\000e\000s\000s\000a\000g\000e\000s\000\040\000o\000f\000\040\000t\000h\000e\000\040\000p\000a\000c\000k\000a\000g\000e}{}% 40
\BOOKMARK [1][-]{toc1.1}{\376\377\000C\000o\000n\000t\000e\000n\000t\000s}{}% 41
